"QUERY PLAN"
"GroupAggregate  (cost=20805.39..20810.56 rows=78 width=16) (actual time=64.390..65.493 rows=784 loops=1)"
"  Group Key: d1.i, d1.j"
"  ->  Sort  (cost=20805.39..20806.27 rows=351 width=24) (actual time=64.384..64.581 rows=6724 loops=1)"
"        Sort Key: d1.i, d1.j"
"        Sort Method: quicksort  Memory: 718kB"
"        ->  Merge Join  (cost=20621.88..20790.56 rows=351 width=24) (actual time=60.947..62.747 rows=6724 loops=1)"
"              Merge Cond: (((((d2.i - d1.i) + 2)) = f.i) AND ((((d2.j - d1.j) + 2)) = f.j))"
"              ->  Sort  (cost=20492.99..20511.96 rows=7588 width=24) (actual time=60.920..61.133 rows=6724 loops=1)"
"                    Sort Key: (((d2.i - d1.i) + 2)), (((d2.j - d1.j) + 2))"
"                    Sort Method: quicksort  Memory: 718kB"
"                    ->  Nested Loop  (cost=0.00..20003.96 rows=7588 width=24) (actual time=0.017..59.784 rows=6724 loops=1)"
"                          Join Filter: (((d2.i - d1.i) >= '-1'::integer) AND ((d2.i - d1.i) <= 1) AND ((d2.j - d1.j) >= '-1'::integer) AND ((d2.j - d1.j) <= 1))"
"                          Rows Removed by Join Filter: 607932"
"                          ->  Seq Scan on ""I28"" d1  (cost=0.00..12.84 rows=784 width=8) (actual time=0.008..0.064 rows=784 loops=1)"
"                          ->  Materialize  (cost=0.00..16.76 rows=784 width=16) (actual time=0.000..0.022 rows=784 loops=784)"
"                                ->  Seq Scan on ""I28"" d2  (cost=0.00..12.84 rows=784 width=16) (actual time=0.004..0.069 rows=784 loops=1)"
"              ->  Sort  (cost=128.89..133.52 rows=1850 width=16) (actual time=0.023..0.215 rows=5996 loops=1)"
"                    Sort Key: f.i, f.j"
"                    Sort Method: quicksort  Memory: 25kB"
"                    ->  Seq Scan on ""K3"" f  (cost=0.00..28.50 rows=1850 width=16) (actual time=0.016..0.017 rows=9 loops=1)"
"Planning Time: 0.142 ms"
"Execution Time: 65.700 ms"
