"QUERY PLAN"
"GroupAggregate  (cost=211230.78..211277.90 rows=250 width=16) (actual time=635.856..639.347 rows=2500 loops=1)"
"  Group Key: d1.i, d1.j"
"  ->  Sort  (cost=211230.78..211239.71 rows=3569 width=24) (actual time=635.849..636.504 rows=21904 loops=1)"
"        Sort Key: d1.i, d1.j"
"        Sort Method: quicksort  Memory: 2480kB"
"        ->  Merge Join  (cost=209601.82..211020.19 rows=3569 width=24) (actual time=626.391..630.068 rows=21904 loops=1)"
"              Merge Cond: ((f.i = (((d2.i - d1.i) + 2))) AND (f.j = (((d2.j - d1.j) + 2))))"
"              ->  Sort  (cost=128.89..133.52 rows=1850 width=16) (actual time=0.018..0.020 rows=9 loops=1)"
"                    Sort Key: f.i, f.j"
"                    Sort Method: quicksort  Memory: 25kB"
"                    ->  Seq Scan on ""K3"" f  (cost=0.00..28.50 rows=1850 width=16) (actual time=0.009..0.011 rows=9 loops=1)"
"              ->  Sort  (cost=209472.93..209665.83 rows=77160 width=24) (actual time=626.368..627.148 rows=21904 loops=1)"
"                    Sort Key: (((d2.i - d1.i) + 2)), (((d2.j - d1.j) + 2))"
"                    Sort Method: quicksort  Memory: 2480kB"
"                    ->  Nested Loop  (cost=0.00..203209.25 rows=77160 width=24) (actual time=0.015..621.989 rows=21904 loops=1)"
"                          Join Filter: (((d2.i - d1.i) >= '-1'::integer) AND ((d2.i - d1.i) <= 1) AND ((d2.j - d1.j) >= '-1'::integer) AND ((d2.j - d1.j) <= 1))"
"                          Rows Removed by Join Filter: 6228096"
"                          ->  Seq Scan on ""I50"" d1  (cost=0.00..39.00 rows=2500 width=8) (actual time=0.005..0.259 rows=2500 loops=1)"
"                          ->  Materialize  (cost=0.00..51.50 rows=2500 width=16) (actual time=0.000..0.072 rows=2500 loops=2500)"
"                                ->  Seq Scan on ""I50"" d2  (cost=0.00..39.00 rows=2500 width=16) (actual time=0.005..0.281 rows=2500 loops=1)"
"Planning Time: 0.182 ms"
"Execution Time: 639.829 ms"
