"QUERY PLAN"
"GroupAggregate  (cost=137308621.63..137336564.39 rows=6250 width=16) (actual time=359671.388..359827.733 rows=62500 loops=1)"
"  Group Key: d1.i, d1.j"
"  ->  Sort  (cost=137308621.63..137314197.68 rows=2230421 width=24) (actual time=359671.378..359752.200 rows=559504 loops=1)"
"        Sort Key: d1.i, d1.j"
"        Sort Method: external merge  Disk: 18632kB"
"        ->  Merge Join  (cost=136076673.69..136981953.17 rows=2230421 width=24) (actual time=359277.228..359465.417 rows=559504 loops=1)"
"              Merge Cond: (((((d2.i - d1.i) + 2)) = f.i) AND ((((d2.j - d1.j) + 2)) = f.j))"
"              ->  Sort  (cost=136076544.80..136197108.07 rows=48225309 width=24) (actual time=359277.195..359335.142 rows=559504 loops=1)"
"                    Sort Key: (((d2.i - d1.i) + 2)), (((d2.j - d1.j) + 2))"
"                    Sort Method: external merge  Disk: 23024kB"
"                    ->  Nested Loop  (cost=0.00..126955207.25 rows=48225309 width=24) (actual time=0.015..359105.008 rows=559504 loops=1)"
"                          Join Filter: (((d2.i - d1.i) >= '-1'::integer) AND ((d2.i - d1.i) <= 1) AND ((d2.j - d1.j) >= '-1'::integer) AND ((d2.j - d1.j) <= 1))"
"                          Rows Removed by Join Filter: 3905690496"
"                          ->  Seq Scan on ""I250"" d1  (cost=0.00..963.00 rows=62500 width=8) (actual time=0.006..12.833 rows=62500 loops=1)"
"                          ->  Materialize  (cost=0.00..1275.50 rows=62500 width=16) (actual time=0.000..1.691 rows=62500 loops=62500)"
"                                ->  Seq Scan on ""I250"" d2  (cost=0.00..963.00 rows=62500 width=16) (actual time=0.004..4.974 rows=62500 loops=1)"
"              ->  Sort  (cost=128.89..133.52 rows=1850 width=16) (actual time=0.028..15.280 rows=497504 loops=1)"
"                    Sort Key: f.i, f.j"
"                    Sort Method: quicksort  Memory: 25kB"
"                    ->  Seq Scan on ""K3"" f  (cost=0.00..28.50 rows=1850 width=16) (actual time=0.017..0.018 rows=9 loops=1)"
"Planning Time: 0.134 ms"
"Execution Time: 359852.780 ms"
