"QUERY PLAN"
"GroupAggregate  (cost=497.08..497.21 rows=6 width=16) (actual time=1.690..1.813 rows=100 loops=1)"
"  Group Key: d1.i, d1.j"
"  ->  Sort  (cost=497.08..497.09 rows=6 width=24) (actual time=1.685..1.706 rows=784 loops=1)"
"        Sort Key: d1.i, d1.j"
"        Sort Method: quicksort  Memory: 86kB"
"        ->  Merge Join  (cost=462.41..497.00 rows=6 width=24) (actual time=1.310..1.521 rows=784 loops=1)"
"              Merge Cond: (((((d2.i - d1.i) + 2)) = f.i) AND ((((d2.j - d1.j) + 2)) = f.j))"
"              ->  Sort  (cost=333.52..333.83 rows=123 width=24) (actual time=1.302..1.328 rows=784 loops=1)"
"                    Sort Key: (((d2.i - d1.i) + 2)), (((d2.j - d1.j) + 2))"
"                    Sort Method: quicksort  Memory: 86kB"
"                    ->  Nested Loop  (cost=0.00..329.25 rows=123 width=24) (actual time=0.015..1.181 rows=784 loops=1)"
"                          Join Filter: (((d2.i - d1.i) >= '-1'::integer) AND ((d2.i - d1.i) <= 1) AND ((d2.j - d1.j) >= '-1'::integer) AND ((d2.j - d1.j) <= 1))"
"                          Rows Removed by Join Filter: 9216"
"                          ->  Seq Scan on ""I10"" d1  (cost=0.00..2.00 rows=100 width=8) (actual time=0.007..0.011 rows=100 loops=1)"
"                          ->  Materialize  (cost=0.00..2.50 rows=100 width=16) (actual time=0.000..0.003 rows=100 loops=100)"
"                                ->  Seq Scan on ""I10"" d2  (cost=0.00..2.00 rows=100 width=16) (actual time=0.004..0.011 rows=100 loops=1)"
"              ->  Sort  (cost=128.89..133.52 rows=1850 width=16) (actual time=0.007..0.029 rows=704 loops=1)"
"                    Sort Key: f.i, f.j"
"                    Sort Method: quicksort  Memory: 25kB"
"                    ->  Seq Scan on ""K3"" f  (cost=0.00..28.50 rows=1850 width=16) (actual time=0.004..0.004 rows=9 loops=1)"
"Planning Time: 0.132 ms"
"Execution Time: 1.878 ms"
