"QUERY PLAN"
"Finalize GroupAggregate  (cost=1784278895.37..1784544797.78 rows=25000 width=16) (actual time=3447744.145..3448206.758 rows=250000 loops=1)"
"  Group Key: d1.i, d1.j"
"  ->  Gather Merge  (cost=1784278895.37..1784544360.28 rows=25000 width=16) (actual time=3447744.132..3448155.926 rows=250000 loops=1)"
"        Workers Planned: 1"
"        Workers Launched: 1"
"        ->  Partial GroupAggregate  (cost=1784277895.36..1784540547.77 rows=25000 width=16) (actual time=3447007.054..3447293.273 rows=125000 loops=2)"
"              Group Key: d1.i, d1.j"
"              ->  Sort  (cost=1784277895.36..1784330375.84 rows=20992193 width=24) (actual time=3447007.044..3447141.637 rows=1122002 loops=2)"
"                    Sort Key: d1.i, d1.j"
"                    Sort Method: external merge  Disk: 37360kB"
"                    Worker 0:  Sort Method: external merge  Disk: 37344kB"
"                    ->  Merge Join  (cost=1771913094.80..1780433372.12 rows=20992193 width=24) (actual time=3446136.421..3446514.009 rows=1122002 loops=2)"
"                          Merge Cond: (((((d2.i - d1.i) + 2)) = f.i) AND ((((d2.j - d1.j) + 2)) = f.j))"
"                          ->  Sort  (cost=1771912965.90..1773047679.05 rows=453885258 width=24) (actual time=3446136.298..3446253.873 rows=1122002 loops=2)"
"                                Sort Key: (((d2.i - d1.i) + 2)), (((d2.j - d1.j) + 2))"
"                                Sort Method: external merge  Disk: 46176kB"
"                                Worker 0:  Sort Method: external merge  Disk: 46144kB"
"                                ->  Nested Loop  (cost=0.00..1669416590.59 rows=453885258 width=24) (actual time=0.053..3445579.459 rows=1122002 loops=2)"
"                                      Join Filter: (((d2.i - d1.i) >= '-1'::integer) AND ((d2.i - d1.i) <= 1) AND ((d2.j - d1.j) >= '-1'::integer) AND ((d2.j - d1.j) <= 1))"
"                                      Rows Removed by Join Filter: 31248877998"
"                                      ->  Parallel Seq Scan on ""I500"" d1  (cost=0.00..2822.59 rows=147059 width=8) (actual time=0.006..24.446 rows=125000 loops=2)"
"                                      ->  Seq Scan on ""I500"" d2  (cost=0.00..3852.00 rows=250000 width=16) (actual time=0.001..10.795 rows=250000 loops=250000)"
"                          ->  Sort  (cost=128.89..133.52 rows=1850 width=16) (actual time=0.116..31.336 rows=997503 loops=2)"
"                                Sort Key: f.i, f.j"
"                                Sort Method: quicksort  Memory: 25kB"
"                                Worker 0:  Sort Method: quicksort  Memory: 25kB"
"                                ->  Seq Scan on ""K3"" f  (cost=0.00..28.50 rows=1850 width=16) (actual time=0.099..0.100 rows=9 loops=2)"
"Planning Time: 0.177 ms"
"Execution Time: 3448341.995 ms"
