"QUERY PLAN"
"GroupAggregate  (cost=3428380.18..3429103.92 rows=1000 width=16) (actual time=9355.245..9375.874 rows=10000 loops=1)"
"  Group Key: d1.i, d1.j"
"  ->  Sort  (cost=3428380.18..3428522.93 rows=57099 width=24) (actual time=9355.237..9363.550 rows=88804 loops=1)"
"        Sort Key: d1.i, d1.j"
"        Sort Method: external merge  Disk: 2960kB"
"        ->  Merge Join  (cost=3400693.86..3423869.02 rows=57099 width=24) (actual time=9293.293..9322.098 rows=88804 loops=1)"
"              Merge Cond: (((((d2.i - d1.i) + 2)) = f.i) AND ((((d2.j - d1.j) + 2)) = f.j))"
"              ->  Sort  (cost=3400564.97..3403651.39 rows=1234568 width=24) (actual time=9293.265..9301.307 rows=88804 loops=1)"
"                    Sort Key: (((d2.i - d1.i) + 2)), (((d2.j - d1.j) + 2))"
"                    Sort Method: external merge  Disk: 3656kB"
"                    ->  Nested Loop  (cost=0.00..3250335.00 rows=1234568 width=24) (actual time=0.014..9267.509 rows=88804 loops=1)"
"                          Join Filter: (((d2.i - d1.i) >= '-1'::integer) AND ((d2.i - d1.i) <= 1) AND ((d2.j - d1.j) >= '-1'::integer) AND ((d2.j - d1.j) <= 1))"
"                          Rows Removed by Join Filter: 99911196"
"                          ->  Seq Scan on ""I100"" d1  (cost=0.00..155.00 rows=10000 width=8) (actual time=0.007..1.192 rows=10000 loops=1)"
"                          ->  Materialize  (cost=0.00..205.00 rows=10000 width=16) (actual time=0.000..0.270 rows=10000 loops=10000)"
"                                ->  Seq Scan on ""I100"" d2  (cost=0.00..155.00 rows=10000 width=16) (actual time=0.004..0.805 rows=10000 loops=1)"
"              ->  Sort  (cost=128.89..133.52 rows=1850 width=16) (actual time=0.024..2.436 rows=79004 loops=1)"
"                    Sort Key: f.i, f.j"
"                    Sort Method: quicksort  Memory: 25kB"
"                    ->  Seq Scan on ""K3"" f  (cost=0.00..28.50 rows=1850 width=16) (actual time=0.013..0.014 rows=9 loops=1)"
"Planning Time: 0.137 ms"
"Execution Time: 9380.453 ms"
