"QUERY PLAN"
"GroupAggregate  (cost=1124364.09..1124604.58 rows=574 width=16) (actual time=2990.993..3001.605 rows=5625 loops=1)"
"  Group Key: d1.i, d1.j"
"  ->  Sort  (cost=1124364.09..1124411.04 rows=18780 width=24) (actual time=2990.985..2994.820 rows=49729 loops=1)"
"        Sort Key: d1.i, d1.j"
"        Sort Method: external merge  Disk: 1664kB"
"        ->  Merge Join  (cost=1115408.64..1123031.00 rows=18780 width=24) (actual time=2957.503..2972.851 rows=49729 loops=1)"
"              Merge Cond: (((((d2.i - d1.i) + 2)) = f.i) AND ((((d2.j - d1.j) + 2)) = f.j))"
"              ->  Sort  (cost=1115279.74..1116294.87 rows=406052 width=24) (actual time=2957.469..2961.236 rows=49729 loops=1)"
"                    Sort Key: (((d2.i - d1.i) + 2)), (((d2.j - d1.j) + 2))"
"                    Sort Method: external merge  Disk: 2048kB"
"                    ->  Nested Loop  (cost=0.00..1069123.35 rows=406052 width=24) (actual time=0.026..2942.920 rows=49729 loops=1)"
"                          Join Filter: (((d2.i - d1.i) >= '-1'::integer) AND ((d2.i - d1.i) <= 1) AND ((d2.j - d1.j) >= '-1'::integer) AND ((d2.j - d1.j) <= 1))"
"                          Rows Removed by Join Filter: 31590896"
"                          ->  Seq Scan on ""I75"" d1  (cost=0.00..88.35 rows=5735 width=8) (actual time=0.017..0.595 rows=5625 loops=1)"
"                          ->  Materialize  (cost=0.00..117.02 rows=5735 width=16) (actual time=0.000..0.152 rows=5625 loops=5625)"
"                                ->  Seq Scan on ""I75"" d2  (cost=0.00..88.35 rows=5735 width=16) (actual time=0.005..0.694 rows=5625 loops=1)"
"              ->  Sort  (cost=128.89..133.52 rows=1850 width=16) (actual time=0.029..1.418 rows=44254 loops=1)"
"                    Sort Key: f.i, f.j"
"                    Sort Method: quicksort  Memory: 25kB"
"                    ->  Seq Scan on ""K3"" f  (cost=0.00..28.50 rows=1850 width=16) (actual time=0.017..0.018 rows=9 loops=1)"
"Planning Time: 4.498 ms"
"Execution Time: 3012.248 ms"
