"QUERY PLAN"
"GroupAggregate  (cost=115566.38..115592.80 rows=200 width=16) (actual time=0.217..0.246 rows=25 loops=1)"
"  Group Key: d1.i, d1.j"
"  ->  Sort  (cost=115566.38..115571.26 rows=1954 width=24) (actual time=0.214..0.219 rows=169 loops=1)"
"        Sort Key: d1.i, d1.j"
"        Sort Method: quicksort  Memory: 38kB"
"        ->  Merge Join  (cost=114668.23..115459.57 rows=1954 width=24) (actual time=0.153..0.182 rows=169 loops=1)"
"              Merge Cond: ((f.i = (((d2.i - d1.i) + 2))) AND (f.j = (((d2.j - d1.j) + 2))))"
"              ->  Sort  (cost=128.89..133.52 rows=1850 width=16) (actual time=0.014..0.015 rows=9 loops=1)"
"                    Sort Key: f.i, f.j"
"                    Sort Method: quicksort  Memory: 25kB"
"                    ->  Seq Scan on ""K3"" f  (cost=0.00..28.50 rows=1850 width=16) (actual time=0.007..0.008 rows=9 loops=1)"
"              ->  Sort  (cost=114539.33..114644.97 rows=42253 width=24) (actual time=0.137..0.142 rows=169 loops=1)"
"                    Sort Key: (((d2.i - d1.i) + 2)), (((d2.j - d1.j) + 2))"
"                    Sort Method: quicksort  Memory: 38kB"
"                    ->  Nested Loop  (cost=0.00..111292.88 rows=42253 width=24) (actual time=0.010..0.110 rows=169 loops=1)"
"                          Join Filter: (((d2.i - d1.i) >= '-1'::integer) AND ((d2.i - d1.i) <= 1) AND ((d2.j - d1.j) >= '-1'::integer) AND ((d2.j - d1.j) <= 1))"
"                          Rows Removed by Join Filter: 456"
"                          ->  Seq Scan on ""I55"" d1  (cost=0.00..28.50 rows=1850 width=8) (actual time=0.003..0.004 rows=25 loops=1)"
"                          ->  Materialize  (cost=0.00..37.75 rows=1850 width=16) (actual time=0.000..0.001 rows=25 loops=25)"
"                                ->  Seq Scan on ""I55"" d2  (cost=0.00..28.50 rows=1850 width=16) (actual time=0.002..0.004 rows=25 loops=1)"
"Planning Time: 0.170 ms"
"Execution Time: 0.286 ms"
