"QUERY PLAN"
"Finalize GroupAggregate  (cost=23093.84..23119.84 rows=200 width=12) (actual time=181.816..221.135 rows=62500 loops=1)"
"  Group Key: (unnest(kk.i))"
"  ->  Gather Merge  (cost=23093.84..23116.84 rows=200 width=12) (actual time=181.811..207.113 rows=95637 loops=1)"
"        Workers Planned: 1"
"        Workers Launched: 1"
"        ->  Sort  (cost=22093.83..22094.33 rows=200 width=12) (actual time=167.446..171.328 rows=47819 loops=2)"
"              Sort Key: (unnest(kk.i))"
"              Sort Method: quicksort  Memory: 3748kB"
"              Worker 0:  Sort Method: quicksort  Memory: 3466kB"
"              ->  Partial HashAggregate  (cost=22084.19..22086.19 rows=200 width=12) (actual time=134.325..158.359 rows=47819 loops=2)"
"                    Group Key: (unnest(kk.i))"
"                    Batches: 5  Memory Usage: 4161kB  Disk Usage: 6936kB"
"                    Worker 0:  Batches: 5  Memory Usage: 4161kB  Disk Usage: 3664kB"
"                    ->  Result  (cost=1744.25..12709.19 rows=367650 width=12) (actual time=12.762..81.544 rows=279752 loops=2)"
"                          ->  ProjectSet  (cost=1744.25..6275.32 rows=367650 width=20) (actual time=12.761..60.149 rows=279752 loops=2)"
"                                ->  Hash Join  (cost=1744.25..4069.42 rows=36765 width=156) (actual time=12.755..26.973 rows=31250 loops=2)"
"                                      Hash Cond: (kk.j = x.i)"
"                                      ->  Parallel Seq Scan on ""Ksparse250_3"" kk  (cost=0.00..1819.65 rows=36765 width=152) (actual time=0.004..2.449 rows=31250 loops=2)"
"                                      ->  Hash  (cost=963.00..963.00 rows=62500 width=12) (actual time=12.591..12.591 rows=62500 loops=2)"
"                                            Buckets: 65536  Batches: 1  Memory Usage: 3198kB"
"                                            ->  Seq Scan on ""Ivec250"" x  (cost=0.00..963.00 rows=62500 width=12) (actual time=0.040..5.582 rows=62500 loops=2)"
"Planning Time: 0.113 ms"
"Execution Time: 237.523 ms"
