"QUERY PLAN"
"HashAggregate  (cost=3674.65..3676.65 rows=200 width=12) (actual time=0.108..0.112 rows=25 loops=1)"
"  Group Key: (unnest(kk.i))"
"  Batches: 1  Memory Usage: 40kB"
"  ->  Result  (cost=202.40..2374.15 rows=86700 width=12) (actual time=0.039..0.084 rows=169 loops=1)"
"        ->  ProjectSet  (cost=202.40..856.90 rows=86700 width=20) (actual time=0.038..0.071 rows=169 loops=1)"
"              ->  Merge Join  (cost=202.40..336.70 rows=8670 width=72) (actual time=0.036..0.045 rows=25 loops=1)"
"                    Merge Cond: (kk.j = x.i)"
"                    ->  Sort  (cost=59.86..61.98 rows=850 width=68) (actual time=0.023..0.024 rows=25 loops=1)"
"                          Sort Key: kk.j"
"                          Sort Method: quicksort  Memory: 31kB"
"                          ->  Seq Scan on ""Ksparse5_3"" kk  (cost=0.00..18.50 rows=850 width=68) (actual time=0.012..0.014 rows=25 loops=1)"
"                    ->  Sort  (cost=142.54..147.64 rows=2040 width=12) (actual time=0.011..0.012 rows=25 loops=1)"
"                          Sort Key: x.i"
"                          Sort Method: quicksort  Memory: 26kB"
"                          ->  Seq Scan on ""Ivec5"" x  (cost=0.00..30.40 rows=2040 width=12) (actual time=0.004..0.006 rows=25 loops=1)"
"Planning Time: 0.103 ms"
"Execution Time: 0.157 ms"
