"QUERY PLAN"
"HashAggregate  (cost=23088630.89..25042755.89 rows=100000 width=24) (actual time=107189.137..150890.720 rows=250000 loops=1)"
"  Group Key: f.i, xft.j"
"  Planned Partitions: 4  Batches: 21  Memory Usage: 4153kB  Disk Usage: 6568808kB"
"  ->  Hash Join  (cost=8177048.39..9651130.89 rows=125000000 width=40) (actual time=47666.031..60804.120 rows=125000000 loops=1)"
"        Hash Cond: (xft.i = f.j)"
"        ->  Subquery Scan on xft  (cost=8168365.39..8176490.39 rows=250000 width=24) (actual time=47576.665..47804.726 rows=250000 loops=1)"
"              ->  Finalize GroupAggregate  (cost=8168365.39..8173990.39 rows=250000 width=24) (actual time=47576.663..47787.878 rows=250000 loops=1)"
"                    Group Key: i.i, f_1.i"
"                    ->  Sort  (cost=8168365.39..8168990.39 rows=250000 width=24) (actual time=47576.654..47669.043 rows=500000 loops=1)"
"                          Sort Key: i.i, f_1.i"
"                          Sort Method: external merge  Disk: 16648kB"
"                          ->  Gather  (cost=7108127.76..8140823.43 rows=250000 width=24) (actual time=26193.696..47386.846 rows=500000 loops=1)"
"                                Workers Planned: 1"
"                                Workers Launched: 1"
"                                ->  Partial HashAggregate  (cost=7107127.76..8114823.43 rows=250000 width=24) (actual time=26166.213..41326.633 rows=250000 loops=2)"
"                                      Group Key: i.i, f_1.i"
"                                      Planned Partitions: 8  Batches: 41  Memory Usage: 4433kB  Disk Usage: 2814536kB"
"                                      Worker 0:  Batches: 41  Memory Usage: 4177kB  Disk Usage: 2870824kB"
"                                      ->  Parallel Hash Join  (cost=5379.83..513044.20 rows=73522883 width=32) (actual time=83.269..7028.757 rows=62500000 loops=2)"
"                                            Hash Cond: (f_1.j = i.j)"
"                                            ->  Parallel Seq Scan on ""W500"" f_1  (cost=0.00..3063.59 rows=147059 width=24) (actual time=0.010..12.673 rows=125000 loops=2)"
"                                            ->  Parallel Hash  (cost=2822.59..2822.59 rows=147059 width=16) (actual time=40.457..40.457 rows=125000 loops=2)"
"                                                  Buckets: 131072  Batches: 4  Memory Usage: 4640kB"
"                                                  ->  Parallel Seq Scan on ""I500"" i  (cost=0.00..2822.59 rows=147059 width=16) (actual time=0.013..13.281 rows=125000 loops=2)"
"        ->  Hash  (cost=4093.00..4093.00 rows=250000 width=24) (actual time=86.838..86.839 rows=250000 loops=1)"
"              Buckets: 65536 (originally 65536)  Batches: 8 (originally 4)  Memory Usage: 4057kB"
"              ->  Seq Scan on ""W500"" f  (cost=0.00..4093.00 rows=250000 width=24) (actual time=0.009..31.128 rows=250000 loops=1)"
"Planning Time: 0.359 ms"
"Execution Time: 152166.890 ms"
