"QUERY PLAN"
"HashAggregate  (cost=4777.25..4877.25 rows=10000 width=24) (actual time=80.329..80.646 rows=2500 loops=1)"
"  Group Key: f.i, f_1.i"
"  Batches: 1  Memory Usage: 657kB"
"  ->  Hash Join  (cost=3471.00..3996.00 rows=31250 width=40) (actual time=38.282..51.117 rows=125000 loops=1)"
"        Hash Cond: (i.i = f.j)"
"        ->  HashAggregate  (cost=3398.75..3423.75 rows=2500 width=24) (actual time=37.714..38.122 rows=2500 loops=1)"
"              Group Key: i.i, f_1.i"
"              Batches: 1  Memory Usage: 369kB"
"              ->  Hash Join  (cost=70.25..1523.75 rows=125000 width=32) (actual time=0.482..12.838 rows=125000 loops=1)"
"                    Hash Cond: (f_1.j = i.j)"
"                    ->  Seq Scan on ""W50"" f_1  (cost=0.00..41.00 rows=2500 width=24) (actual time=0.004..0.139 rows=2500 loops=1)"
"                    ->  Hash  (cost=39.00..39.00 rows=2500 width=16) (actual time=0.469..0.470 rows=2500 loops=1)"
"                          Buckets: 4096  Batches: 1  Memory Usage: 159kB"
"                          ->  Seq Scan on ""I50"" i  (cost=0.00..39.00 rows=2500 width=16) (actual time=0.005..0.200 rows=2500 loops=1)"
"        ->  Hash  (cost=41.00..41.00 rows=2500 width=24) (actual time=0.557..0.557 rows=2500 loops=1)"
"              Buckets: 4096  Batches: 1  Memory Usage: 179kB"
"              ->  Seq Scan on ""W50"" f  (cost=0.00..41.00 rows=2500 width=24) (actual time=0.009..0.254 rows=2500 loops=1)"
"Planning Time: 0.293 ms"
"Execution Time: 80.989 ms"
