"QUERY PLAN"
"HashAggregate  (cost=788.96..819.69 rows=3073 width=24) (actual time=14.663..14.762 rows=784 loops=1)"
"  Group Key: f.i, f_1.i"
"  Batches: 1  Memory Usage: 241kB"
"  ->  Hash Join  (cost=636.32..712.13 rows=3073 width=40) (actual time=7.176..9.516 rows=21952 loops=1)"
"        Hash Cond: (i.i = f.j)"
"        ->  HashAggregate  (cost=613.68..621.52 rows=784 width=24) (actual time=6.992..7.104 rows=784 loops=1)"
"              Group Key: i.i, f_1.i"
"              Batches: 1  Memory Usage: 169kB"
"              ->  Hash Join  (cost=22.64..284.40 rows=21952 width=32) (actual time=0.169..2.501 rows=21952 loops=1)"
"                    Hash Cond: (i.j = f_1.j)"
"                    ->  Seq Scan on ""I28"" i  (cost=0.00..12.84 rows=784 width=16) (actual time=0.006..0.056 rows=784 loops=1)"
"                    ->  Hash  (cost=12.84..12.84 rows=784 width=24) (actual time=0.158..0.159 rows=784 loops=1)"
"                          Buckets: 1024  Batches: 1  Memory Usage: 54kB"
"                          ->  Seq Scan on ""W28"" f_1  (cost=0.00..12.84 rows=784 width=24) (actual time=0.004..0.070 rows=784 loops=1)"
"        ->  Hash  (cost=12.84..12.84 rows=784 width=24) (actual time=0.178..0.179 rows=784 loops=1)"
"              Buckets: 1024  Batches: 1  Memory Usage: 54kB"
"              ->  Seq Scan on ""W28"" f  (cost=0.00..12.84 rows=784 width=24) (actual time=0.011..0.087 rows=784 loops=1)"
"Planning Time: 0.331 ms"
"Execution Time: 14.933 ms"
