"QUERY PLAN"
"HashAggregate  (cost=16057.45..18238.66 rows=40000 width=24) (actual time=0.169..0.202 rows=25 loops=1)"
"  Group Key: f.i, xft.j"
"  Batches: 1  Memory Usage: 793kB"
"  ->  Merge Join  (cost=2084.84..3802.66 rows=113998 width=40) (actual time=0.114..0.136 rows=125 loops=1)"
"        Merge Cond: (f.j = xft.i)"
"        ->  Sort  (cost=109.04..112.96 rows=1570 width=24) (actual time=0.019..0.020 rows=25 loops=1)"
"              Sort Key: f.j"
"              Sort Method: quicksort  Memory: 26kB"
"              ->  Seq Scan on ""W5"" f  (cost=0.00..25.70 rows=1570 width=24) (actual time=0.010..0.012 rows=25 loops=1)"
"        ->  Sort  (cost=1975.80..2012.11 rows=14522 width=24) (actual time=0.094..0.098 rows=121 loops=1)"
"              Sort Key: xft.i"
"              Sort Method: quicksort  Memory: 26kB"
"              ->  Subquery Scan on xft  (cost=681.46..971.90 rows=14522 width=24) (actual time=0.070..0.090 rows=25 loops=1)"
"                    ->  HashAggregate  (cost=681.46..826.68 rows=14522 width=24) (actual time=0.070..0.088 rows=25 loops=1)"
"                          Group Key: i.i, f_1.i"
"                          Batches: 1  Memory Usage: 409kB"
"                          ->  Merge Join  (cost=237.93..463.63 rows=14522 width=32) (actual time=0.021..0.040 rows=125 loops=1)"
"                                Merge Cond: (f_1.j = i.j)"
"                                ->  Sort  (cost=109.04..112.96 rows=1570 width=24) (actual time=0.009..0.010 rows=25 loops=1)"
"                                      Sort Key: f_1.j"
"                                      Sort Method: quicksort  Memory: 26kB"
"                                      ->  Seq Scan on ""W5"" f_1  (cost=0.00..25.70 rows=1570 width=24) (actual time=0.003..0.005 rows=25 loops=1)"
"                                ->  Sort  (cost=128.89..133.52 rows=1850 width=16) (actual time=0.010..0.013 rows=121 loops=1)"
"                                      Sort Key: i.j"
"                                      Sort Method: quicksort  Memory: 26kB"
"                                      ->  Seq Scan on ""I55"" i  (cost=0.00..28.50 rows=1850 width=16) (actual time=0.003..0.005 rows=25 loops=1)"
"Planning Time: 0.188 ms"
"Execution Time: 0.578 ms"
