"QUERY PLAN"
"HashAggregate  (cost=45983.00..46183.00 rows=20000 width=24) (actual time=636.426..637.652 rows=10000 loops=1)"
"  Group Key: f.i, f_1.i"
"  Batches: 1  Memory Usage: 1809kB"
"  ->  Hash Join  (cost=27008.00..33483.00 rows=500000 width=40) (actual time=299.717..401.495 rows=1000000 loops=1)"
"        Hash Cond: (i.i = f.j)"
"        ->  HashAggregate  (cost=26719.00..26819.00 rows=10000 width=24) (actual time=297.571..299.648 rows=10000 loops=1)"
"              Group Key: i.i, f_1.i"
"              Batches: 1  Memory Usage: 1425kB"
"              ->  Hash Join  (cost=280.00..11719.00 rows=1000000 width=32) (actual time=2.010..99.328 rows=1000000 loops=1)"
"                    Hash Cond: (f_1.j = i.j)"
"                    ->  Seq Scan on ""W100"" f_1  (cost=0.00..164.00 rows=10000 width=24) (actual time=0.004..0.566 rows=10000 loops=1)"
"                    ->  Hash  (cost=155.00..155.00 rows=10000 width=16) (actual time=1.950..1.951 rows=10000 loops=1)"
"                          Buckets: 16384  Batches: 1  Memory Usage: 636kB"
"                          ->  Seq Scan on ""I100"" i  (cost=0.00..155.00 rows=10000 width=16) (actual time=0.005..0.803 rows=10000 loops=1)"
"        ->  Hash  (cost=164.00..164.00 rows=10000 width=24) (actual time=2.114..2.115 rows=10000 loops=1)"
"              Buckets: 16384  Batches: 1  Memory Usage: 714kB"
"              ->  Seq Scan on ""W100"" f  (cost=0.00..164.00 rows=10000 width=24) (actual time=0.010..0.935 rows=10000 loops=1)"
"Planning Time: 0.360 ms"
"Execution Time: 638.603 ms"
