"QUERY PLAN"
"HashAggregate  (cost=17691.67..17841.67 rows=15000 width=24) (actual time=270.481..271.180 rows=5625 loops=1)"
"  Group Key: f.i, f_1.i"
"  Batches: 1  Memory Usage: 1553kB"
"  ->  Hash Join  (cost=11500.66..13736.59 rows=158203 width=40) (actual time=128.511..171.769 rows=421875 loops=1)"
"        Hash Cond: (i.i = f.j)"
"        ->  HashAggregate  (cost=11338.09..11394.34 rows=5625 width=24) (actual time=127.302..128.462 rows=5625 loops=1)"
"              Group Key: i.i, f_1.i"
"              Batches: 1  Memory Usage: 977kB"
"              ->  Hash Join  (cost=157.56..5009.97 rows=421875 width=32) (actual time=1.549..42.997 rows=421875 loops=1)"
"                    Hash Cond: (f_1.j = i.j)"
"                    ->  Seq Scan on ""W75"" f_1  (cost=0.00..92.25 rows=5625 width=24) (actual time=0.004..0.338 rows=5625 loops=1)"
"                    ->  Hash  (cost=87.25..87.25 rows=5625 width=16) (actual time=1.526..1.527 rows=5625 loops=1)"
"                          Buckets: 8192  Batches: 1  Memory Usage: 350kB"
"                          ->  Seq Scan on ""I75"" i  (cost=0.00..87.25 rows=5625 width=16) (actual time=0.014..0.907 rows=5625 loops=1)"
"        ->  Hash  (cost=92.25..92.25 rows=5625 width=24) (actual time=1.191..1.192 rows=5625 loops=1)"
"              Buckets: 8192  Batches: 1  Memory Usage: 394kB"
"              ->  Seq Scan on ""W75"" f  (cost=0.00..92.25 rows=5625 width=24) (actual time=0.011..0.542 rows=5625 loops=1)"
"Planning Time: 5.059 ms"
"Execution Time: 271.881 ms"
